c:\yuewenyue-project4\remote-codepublisher\parser\debug\parser.pdb
c:\yuewenyue-project4\remote-codepublisher\parser\debug\parser.idb
c:\yuewenyue-project4\remote-codepublisher\parser\debug\abstrsyntree.obj
c:\yuewenyue-project4\remote-codepublisher\parser\debug\filesystem.obj
c:\yuewenyue-project4\remote-codepublisher\parser\debug\grammarhelpers.obj
c:\yuewenyue-project4\remote-codepublisher\parser\debug\logger.obj
c:\yuewenyue-project4\remote-codepublisher\parser\debug\scopestack.obj
c:\yuewenyue-project4\remote-codepublisher\parser\debug\semiexp.obj
c:\yuewenyue-project4\remote-codepublisher\parser\debug\tokenizer.obj
c:\yuewenyue-project4\remote-codepublisher\parser\debug\utilities.obj
c:\yuewenyue-project4\remote-codepublisher\parser\debug\actionsandrules.obj
c:\yuewenyue-project4\remote-codepublisher\parser\debug\configureparser.obj
c:\yuewenyue-project4\remote-codepublisher\parser\debug\parser.obj
c:\yuewenyue-project4\remote-codepublisher\debug\parser.lib
c:\yuewenyue-project4\remote-codepublisher\debug\parser.pdb
c:\yuewenyue-project4\remote-codepublisher\parser\debug\parser.tlog\cl.command.1.tlog
c:\yuewenyue-project4\remote-codepublisher\parser\debug\parser.tlog\cl.read.1.tlog
c:\yuewenyue-project4\remote-codepublisher\parser\debug\parser.tlog\cl.write.1.tlog
c:\yuewenyue-project4\remote-codepublisher\parser\debug\parser.tlog\lib-link.read.1.tlog
c:\yuewenyue-project4\remote-codepublisher\parser\debug\parser.tlog\lib-link.write.1.tlog
c:\yuewenyue-project4\remote-codepublisher\parser\debug\parser.tlog\lib.command.1.tlog
