c:\yuewenyue-project4\remote-codepublisher\mockchannel\debug\vc140.pdb
c:\yuewenyue-project4\remote-codepublisher\mockchannel\debug\vc140.idb
c:\yuewenyue-project4\remote-codepublisher\mockchannel\debug\channelparts.obj
c:\yuewenyue-project4\remote-codepublisher\mockchannel\debug\client.obj
c:\yuewenyue-project4\remote-codepublisher\mockchannel\debug\filesystem.obj
c:\yuewenyue-project4\remote-codepublisher\mockchannel\debug\httpmessage.obj
c:\yuewenyue-project4\remote-codepublisher\mockchannel\debug\logger.obj
c:\yuewenyue-project4\remote-codepublisher\mockchannel\debug\sockets.obj
c:\yuewenyue-project4\remote-codepublisher\mockchannel\debug\utilities.obj
c:\yuewenyue-project4\remote-codepublisher\mockchannel\debug\cpp11-blockingqueue.obj
c:\yuewenyue-project4\remote-codepublisher\mockchannel\debug\mockchannel.obj
c:\yuewenyue-project4\remote-codepublisher\debug\mockchannel.ilk
c:\yuewenyue-project4\remote-codepublisher\debug\mockchannel.dll
c:\yuewenyue-project4\remote-codepublisher\debug\mockchannel.pdb
c:\yuewenyue-project4\remote-codepublisher\debug\mockchannel.lib
c:\yuewenyue-project4\remote-codepublisher\debug\mockchannel.exp
c:\yuewenyue-project4\remote-codepublisher\mockchannel\debug\mockchannel.tlog\cl.command.1.tlog
c:\yuewenyue-project4\remote-codepublisher\mockchannel\debug\mockchannel.tlog\cl.read.1.tlog
c:\yuewenyue-project4\remote-codepublisher\mockchannel\debug\mockchannel.tlog\cl.write.1.tlog
c:\yuewenyue-project4\remote-codepublisher\mockchannel\debug\mockchannel.tlog\link.command.1.tlog
c:\yuewenyue-project4\remote-codepublisher\mockchannel\debug\mockchannel.tlog\link.read.1.tlog
c:\yuewenyue-project4\remote-codepublisher\mockchannel\debug\mockchannel.tlog\link.write.1.tlog
c:\yuewenyue-project4\remote-codepublisher\mockchannel\debug\mockchannel.tlog\mockchannel.write.1u.tlog
